  icode   ic inum1 inum2 inum3   subed  recmonps reccnstps  flow(m^3)   sed(t)      orgn(kg)    orgp(kg)    nitrate(kg) sol.p(kg)   sol.pst(mg) sor.pst(mg)
       1        1        1        0        0        0                         0.2525E+12  0.1483E+09  0.1819E+09  0.2574E+08  0.1061E+09  0.2619E+07  0.0000E+00  0.0000E+00
       1        2        2        0        0        0                         0.8693E+11  0.3861E+08  0.1088E+09  0.1536E+08  0.2291E+08  0.1022E+07  0.0000E+00  0.0000E+00
       1        3        3        0        0        0                         0.1132E+12  0.3992E+07  0.5217E+06  0.7033E+06  0.1273E+08  0.1944E+07  0.0000E+00  0.0000E+00
       1        4        4        0        0        0                         0.4414E+11  0.2309E+08  0.6279E+08  0.1024E+08  0.2096E+08  0.1438E+06  0.0000E+00  0.0000E+00
       1        5        5        0        0        0                         0.8591E+11  0.7528E+08  0.7317E+08  0.1456E+08  0.3341E+08  0.8871E+06  0.0000E+00  0.0000E+00
       1        6        6        0        0        0                         0.2248E+09  0.2957E+06  0.1875E+04  0.7992E+04  0.2561E+05  0.1914E+04  0.0000E+00  0.0000E+00
       1        7        7        0        0        0                         0.7694E+11  0.2043E+09  0.7602E+08  0.1466E+08  0.5503E+08  0.7774E+06  0.0000E+00  0.0000E+00
       1        8        8        0        0        0                         0.1027E+12  0.1036E+09  0.1751E+09  0.2378E+08  0.6799E+08  0.1038E+07  0.0000E+00  0.0000E+00
       1        9        9        0        0        0                         0.1019E+12  0.6006E+08  0.1681E+09  0.2272E+08  0.7537E+08  0.1027E+07  0.0000E+00  0.0000E+00
       1       10       10        0        0        0                         0.4739E+11  0.7218E+07  0.9832E+05  0.2925E+06  0.1433E+08  0.5959E+06  0.0000E+00  0.0000E+00
       1       11       11        0        0        0                         0.5063E+10  0.1000E+07  0.3768E+06  0.9016E+05  0.1593E+07  0.6586E+05  0.0000E+00  0.0000E+00
       1       12       12        0        0        0                         0.3323E+11  0.6628E+08  0.5144E+08  0.7322E+07  0.2400E+08  0.3120E+06  0.0000E+00  0.0000E+00
       1       13       13        0        0        0                         0.5562E+11  0.4118E+08  0.8284E+07  0.4713E+07  0.1833E+08  0.6827E+06  0.0000E+00  0.0000E+00
       1       14       14        0        0        0                         0.2713E+11  0.4000E+07  0.3074E+07  0.1620E+07  0.7182E+07  0.4957E+06  0.0000E+00  0.0000E+00
       1       15       15        0        0        0                         0.1387E+12  0.2325E+09  0.3327E+09  0.4554E+08  0.6116E+08  0.1344E+07  0.0000E+00  0.0000E+00
       1       16       16        0        0        0                         0.7012E+11  0.1436E+09  0.2294E+09  0.3109E+08  0.2918E+08  0.5284E+06  0.0000E+00  0.0000E+00
       1       17       17        0        0        0                         0.4348E+11  0.1100E+08  0.1025E+08  0.5165E+07  0.2717E+08  0.9217E+06  0.0000E+00  0.0000E+00
       1       18       18        0        0        0                         0.4355E+09  0.4988E+05  0.1048E+06  0.3733E+05  0.1124E+06  0.9031E+04  0.0000E+00  0.0000E+00
       1       19       19        0        0        0                         0.3374E+11  0.3051E+08  0.8938E+07  0.3904E+07  0.1342E+08  0.6543E+06  0.0000E+00  0.0000E+00
       1       20       20        0        0        0                         0.1137E+11  0.1893E+07  0.2639E+07  0.1471E+07  0.1138E+07  0.2962E+06  0.0000E+00  0.0000E+00
       1       21       21        0        0        0                         0.1741E+12  0.1577E+09  0.2965E+09  0.3985E+08  0.8158E+08  0.1558E+07  0.0000E+00  0.0000E+00
       1       22       22        0        0        0                         0.2555E+12  0.5091E+08  0.1810E+09  0.2423E+08  0.1529E+09  0.2248E+07  0.0000E+00  0.0000E+00
       1       23       23        0        0        0                         0.5238E+11  0.1031E+09  0.9700E+08  0.1342E+08  0.3339E+08  0.3790E+06  0.0000E+00  0.0000E+00
       1       24       24        0        0        0                         0.6505E+11  0.7743E+08  0.1371E+09  0.1852E+08  0.4168E+08  0.4482E+06  0.0000E+00  0.0000E+00
       1       25       25        0        0        0                         0.1195E+12  0.9291E+08  0.2328E+09  0.3128E+08  0.5899E+08  0.1245E+07  0.0000E+00  0.0000E+00
       1       26       26        0        0        0                         0.2545E+11  0.1643E+08  0.7734E+08  0.1040E+08  0.1235E+08  0.1448E+06  0.0000E+00  0.0000E+00
       1       27       27        0        0        0                         0.1443E+12  0.3580E+09  0.2401E+09  0.3365E+08  0.9793E+08  0.7964E+06  0.0000E+00  0.0000E+00
       1       28       28        0        0        0                         0.7357E+10  0.7284E+07  0.1136E+08  0.1533E+07  0.3792E+07  0.7080E+05  0.0000E+00  0.0000E+00
       1       29       29        0        0        0                         0.6286E+11  0.4488E+08  0.2932E+08  0.9090E+07  0.3104E+08  0.1059E+07  0.0000E+00  0.0000E+00
       1       30       30        0        0        0                         0.5034E+11  0.7190E+07  0.1185E+08  0.6132E+07  0.1535E+08  0.1332E+07  0.0000E+00  0.0000E+00
       1       31       31        0        0        0                         0.2537E+11  0.2564E+08  0.6194E+08  0.1504E+08  0.1105E+08  0.8216E+06  0.0000E+00  0.0000E+00
       1       32       32        0        0        0                         0.2347E+11  0.4885E+07  0.4405E+07  0.1868E+07  0.1141E+08  0.3630E+06  0.0000E+00  0.0000E+00
       1       33       33        0        0        0                         0.1362E+12  0.5789E+08  0.1688E+09  0.2269E+08  0.1194E+09  0.1326E+07  0.0000E+00  0.0000E+00
       1       34       34        0        0        0                         0.8189E+11  0.5623E+08  0.1184E+09  0.1596E+08  0.5052E+08  0.6899E+06  0.0000E+00  0.0000E+00
       1       35       35        0        0        0                         0.6479E+11  0.7723E+08  0.1278E+09  0.2000E+08  0.3823E+08  0.7433E+06  0.0000E+00  0.0000E+00
       1       36       36        0        0        0                         0.4377E+11  0.6743E+08  0.1508E+09  0.2017E+08  0.2488E+08  0.3579E+06  0.0000E+00  0.0000E+00
       1       37       37        0        0        0                         0.4613E+11  0.1564E+08  0.2047E+08  0.1070E+08  0.1751E+08  0.1383E+07  0.0000E+00  0.0000E+00
       1       38       38        0        0        0                         0.3238E+10  0.4193E+07  0.4271E+07  0.1573E+07  0.1614E+07  0.9500E+05  0.0000E+00  0.0000E+00
       1       39       39        0        0        0                         0.3910E+11  0.2369E+08  0.1280E+09  0.1701E+08  0.1592E+08  0.2187E+06  0.0000E+00  0.0000E+00
       1       40       40        0        0        0                         0.3068E+12  0.4564E+08  0.7650E+06  0.3669E+07  0.8223E+08  0.3898E+07  0.0000E+00  0.0000E+00
       1       41       41        0        0        0                         0.1132E+11  0.1027E+08  0.9857E+07  0.3986E+07  0.4021E+07  0.2597E+06  0.0000E+00  0.0000E+00
       1       42       42        0        0        0                         0.1158E+12  0.7919E+08  0.1697E+09  0.2281E+08  0.8101E+08  0.9840E+06  0.0000E+00  0.0000E+00
       1       43       43        0        0        0                         0.7017E+11  0.1101E+09  0.1151E+09  0.1566E+08  0.5201E+08  0.4806E+06  0.0000E+00  0.0000E+00
       1       44       44        0        0        0                         0.1989E+10  0.7136E+06  0.2019E+07  0.2706E+06  0.2691E+07  0.1695E+05  0.0000E+00  0.0000E+00
       1       45       45        0        0        0                         0.1637E+12  0.8770E+08  0.2584E+09  0.3469E+08  0.1223E+09  0.1373E+07  0.0000E+00  0.0000E+00
       1       46       46        0        0        0                         0.3740E+11  0.2172E+08  0.9471E+08  0.1262E+08  0.2145E+08  0.3061E+06  0.0000E+00  0.0000E+00
       1       47       47        0        0        0                         0.2265E+11  0.1741E+08  0.5205E+08  0.6961E+07  0.2622E+08  0.2082E+06  0.0000E+00  0.0000E+00
       1       48       48        0        0        0                         0.6533E+11  0.4539E+08  0.1508E+09  0.2016E+08  0.4210E+08  0.3230E+06  0.0000E+00  0.0000E+00
       1       49       49        0        0        0                         0.3144E+11  0.1720E+08  0.6983E+08  0.9314E+07  0.2061E+08  0.2144E+06  0.0000E+00  0.0000E+00
       1       50       50        0        0        0                         0.2555E+10  0.1179E+07  0.4091E+07  0.5469E+06  0.2968E+07  0.2239E+05  0.0000E+00  0.0000E+00
       1       51       51        0        0        0                         0.1056E+12  0.9841E+08  0.1548E+09  0.2118E+08  0.9941E+08  0.7534E+06  0.0000E+00  0.0000E+00
       1       52       52        0        0        0                         0.1158E+12  0.1045E+09  0.1975E+09  0.2680E+08  0.6523E+08  0.8030E+06  0.0000E+00  0.0000E+00
       1       53       53        0        0        0                         0.8776E+11  0.5062E+08  0.1182E+09  0.1608E+08  0.5519E+08  0.7857E+06  0.0000E+00  0.0000E+00
       1       54       54        0        0        0                         0.1172E+12  0.7708E+08  0.2694E+09  0.3599E+08  0.8170E+08  0.8672E+06  0.0000E+00  0.0000E+00
       1       55       55        0        0        0                         0.4890E+11  0.2082E+08  0.8201E+08  0.1112E+08  0.1990E+08  0.4672E+06  0.0000E+00  0.0000E+00
       1       56       56        0        0        0                         0.2835E+10  0.3741E+06  0.1826E+07  0.2823E+06  0.1768E+07  0.1563E+05  0.0000E+00  0.0000E+00
       1       57       57        0        0        0                         0.1963E+11  0.2458E+08  0.4829E+08  0.6477E+07  0.2034E+08  0.1787E+06  0.0000E+00  0.0000E+00
       1       58       58        0        0        0                         0.8583E+11  0.7479E+08  0.2110E+09  0.2824E+08  0.7994E+08  0.6866E+06  0.0000E+00  0.0000E+00
       1       59       59        0        0        0                         0.3189E+11  0.1367E+08  0.5854E+08  0.8026E+07  0.1842E+08  0.2910E+06  0.0000E+00  0.0000E+00
       1       60       60        0        0        0                         0.8194E+11  0.2955E+08  0.7296E+08  0.1045E+08  0.4833E+08  0.5103E+06  0.0000E+00  0.0000E+00
       1       61       61        0        0        0                         0.1395E+12  0.4480E+08  0.1220E+09  0.1755E+08  0.7191E+08  0.1086E+07  0.0000E+00  0.0000E+00
       1       62       62        0        0        0                         0.1269E+12  0.5606E+08  0.1264E+09  0.1904E+08  0.7549E+08  0.2170E+07  0.0000E+00  0.0000E+00
       1       63       63        0        0        0                         0.4245E+11  0.5875E+08  0.1954E+09  0.2611E+08  0.3437E+08  0.2340E+06  0.0000E+00  0.0000E+00
       1       64       64        0        0        0                         0.4712E+11  0.1412E+08  0.3911E+08  0.5506E+07  0.2491E+08  0.2677E+06  0.0000E+00  0.0000E+00
       1       65       65        0        0        0                         0.4996E+10  0.1799E+07  0.1226E+08  0.1628E+07  0.2602E+07  0.2772E+05  0.0000E+00  0.0000E+00
       1       66       66        0        0        0                         0.2113E+12  0.2740E+08  0.2146E+09  0.2851E+08  0.1480E+09  0.1510E+07  0.0000E+00  0.0000E+00
       1       67       67        0        0        0                         0.1151E+12  0.2054E+08  0.1112E+09  0.1510E+08  0.7818E+08  0.1152E+07  0.0000E+00  0.0000E+00
       1       68       68        0        0        0                         0.1270E+12  0.2615E+08  0.1127E+09  0.1606E+08  0.1190E+09  0.1617E+07  0.0000E+00  0.0000E+00
       2       69        1        1        0        0                         0.2498E+12  0.3956E+08  0.7770E+08  0.7308E+07  0.1037E+09  0.1655E+08  0.0000E+00  0.0000E+00
       5       70       21       69        0        0                         0.4239E+12  0.1972E+09  0.3742E+09  0.4716E+08  0.1853E+09  0.1811E+08  0.0000E+00  0.0000E+00
       2       71        2        2        0        0                         0.8659E+11  0.2287E+08  0.7218E+08  0.8084E+07  0.2266E+08  0.2943E+07  0.0000E+00  0.0000E+00
       5       72       70       71        0        0                         0.5105E+12  0.2201E+09  0.4464E+09  0.5524E+08  0.2080E+09  0.2105E+08  0.0000E+00  0.0000E+00
       2       73       21       72        0        0                         0.5051E+12  0.5918E+07  0.1802E+09  0.1516E+08  0.2045E+09  0.5286E+08  0.0000E+00  0.0000E+00
       5       74       26       73        0        0                         0.5305E+12  0.2235E+08  0.2576E+09  0.2555E+08  0.2168E+09  0.5300E+08  0.0000E+00  0.0000E+00
       2       75        3        3        0        0                         0.1116E+12  0.1215E+07  0.3338E+06  0.2143E+06  0.1237E+08  0.2356E+07  0.0000E+00  0.0000E+00
       5       76       13       75        0        0                         0.1672E+12  0.4239E+08  0.8617E+07  0.4928E+07  0.3071E+08  0.3039E+07  0.0000E+00  0.0000E+00
       2       77        4        4        0        0                         0.4413E+11  0.2309E+08  0.4448E+08  0.5602E+07  0.2095E+08  0.4313E+06  0.0000E+00  0.0000E+00
       5       78       76       77        0        0                         0.2114E+12  0.6548E+08  0.5310E+08  0.1053E+08  0.5166E+08  0.3470E+07  0.0000E+00  0.0000E+00
       2       79       13       78        0        0                         0.2104E+12  0.5341E+07  0.2784E+08  0.3753E+07  0.5087E+08  0.8567E+07  0.0000E+00  0.0000E+00
       5       80       12       79        0        0                         0.2436E+12  0.7162E+08  0.7928E+08  0.1107E+08  0.7487E+08  0.8879E+07  0.0000E+00  0.0000E+00
       2       81        5        5        0        0                         0.8557E+11  0.4173E+08  0.4349E+08  0.6157E+07  0.3293E+08  0.5387E+07  0.0000E+00  0.0000E+00
       5       82        6       81        0        0                         0.8580E+11  0.4202E+08  0.4349E+08  0.6165E+07  0.3296E+08  0.5389E+07  0.0000E+00  0.0000E+00
       2       83        7        7        0        0                         0.7636E+11  0.6828E+08  0.3262E+08  0.4058E+07  0.5437E+08  0.6984E+07  0.0000E+00  0.0000E+00
       5       84       11       83        0        0                         0.8142E+11  0.6928E+08  0.3300E+08  0.4148E+07  0.5597E+08  0.7050E+07  0.0000E+00  0.0000E+00
       2       85        8        8        0        0                         0.1016E+12  0.3756E+08  0.9142E+08  0.9003E+07  0.6687E+08  0.8221E+07  0.0000E+00  0.0000E+00
       5       86       23       85        0        0                         0.1540E+12  0.1406E+09  0.1884E+09  0.2242E+08  0.1003E+09  0.8600E+07  0.0000E+00  0.0000E+00
       2       87        9        9        0        0                         0.1011E+12  0.2507E+08  0.9348E+08  0.9331E+07  0.7419E+08  0.7143E+07  0.0000E+00  0.0000E+00
       5       88       86       87        0        0                         0.2551E+12  0.1657E+09  0.2819E+09  0.3175E+08  0.1745E+09  0.1574E+08  0.0000E+00  0.0000E+00
       2       89       23       88        0        0                         0.2526E+12  0.3382E+07  0.1442E+09  0.1182E+08  0.1719E+09  0.2969E+08  0.0000E+00  0.0000E+00
       5       90       28       89        0        0                         0.2599E+12  0.1067E+08  0.1556E+09  0.1336E+08  0.1757E+09  0.2976E+08  0.0000E+00  0.0000E+00
       2       91       10       10        0        0                         0.4738E+11  0.7218E+07  0.8347E+05  0.1645E+06  0.1430E+08  0.7069E+06  0.0000E+00  0.0000E+00
       5       92       40       91        0        0                         0.3542E+12  0.5286E+08  0.8484E+06  0.3834E+07  0.9652E+08  0.4605E+07  0.0000E+00  0.0000E+00
       2       93       14       14        0        0                         0.2702E+11  0.3125E+07  0.1987E+07  0.7397E+06  0.7096E+07  0.1226E+07  0.0000E+00  0.0000E+00
       5       94       19       93        0        0                         0.6076E+11  0.3364E+08  0.1093E+08  0.4643E+07  0.2051E+08  0.1880E+07  0.0000E+00  0.0000E+00
       2       95       15       15        0        0                         0.1373E+12  0.8189E+08  0.1842E+09  0.1900E+08  0.5984E+08  0.1463E+08  0.0000E+00  0.0000E+00
       5       96       42       95        0        0                         0.2531E+12  0.1611E+09  0.3539E+09  0.4181E+08  0.1408E+09  0.1561E+08  0.0000E+00  0.0000E+00
       2       97       16       16        0        0                         0.6999E+11  0.1165E+09  0.1711E+09  0.1933E+08  0.2899E+08  0.2307E+07  0.0000E+00  0.0000E+00
       5       98       96       97        0        0                         0.3231E+12  0.2776E+09  0.5250E+09  0.6115E+08  0.1698E+09  0.1792E+08  0.0000E+00  0.0000E+00
       2       99       42       98        0        0                         0.3175E+12  0.3393E+07  0.1901E+09  0.1449E+08  0.1645E+09  0.5303E+08  0.0000E+00  0.0000E+00
       5      100       44       99        0        0                         0.3195E+12  0.4107E+07  0.1921E+09  0.1476E+08  0.1672E+09  0.5305E+08  0.0000E+00  0.0000E+00
       2      101       17       17        0        0                         0.4330E+11  0.9873E+07  0.7698E+07  0.3136E+07  0.2695E+08  0.2606E+07  0.0000E+00  0.0000E+00
       5      102       20      101        0        0                         0.5467E+11  0.1177E+08  0.1034E+08  0.4606E+07  0.2809E+08  0.2902E+07  0.0000E+00  0.0000E+00
       2      103       22       22        0        0                         0.2514E+12  0.1188E+08  0.8036E+08  0.7481E+07  0.1494E+09  0.1414E+08  0.0000E+00  0.0000E+00
       5      104       74      103        0        0                         0.7819E+12  0.3423E+08  0.3379E+09  0.3304E+08  0.3662E+09  0.6714E+08  0.0000E+00  0.0000E+00
       2      105       26      104        0        0                         0.7739E+12  0.3203E+07  0.9695E+08  0.5938E+07  0.3603E+09  0.9023E+08  0.0000E+00  0.0000E+00
       5      106       36      105        0        0                         0.8176E+12  0.7063E+08  0.2477E+09  0.2611E+08  0.3852E+09  0.9059E+08  0.0000E+00  0.0000E+00
       2      107       24       24        0        0                         0.6492E+11  0.6389E+08  0.1016E+09  0.1137E+08  0.4154E+08  0.1711E+07  0.0000E+00  0.0000E+00
       5      108       90      107        0        0                         0.3249E+12  0.7455E+08  0.2571E+09  0.2473E+08  0.2172E+09  0.3147E+08  0.0000E+00  0.0000E+00
       2      109       28      108        0        0                         0.3244E+12  0.1186E+08  0.1718E+09  0.1296E+08  0.2166E+09  0.4064E+08  0.0000E+00  0.0000E+00
       5      110       52      109        0        0                         0.4402E+12  0.1164E+09  0.3693E+09  0.3976E+08  0.2819E+09  0.4144E+08  0.0000E+00  0.0000E+00
       2      111       25       25        0        0                         0.1187E+12  0.3448E+08  0.1195E+09  0.1133E+08  0.5771E+08  0.1403E+08  0.0000E+00  0.0000E+00
       5      112      106      111        0        0                         0.9364E+12  0.1051E+09  0.3672E+09  0.3744E+08  0.4429E+09  0.1046E+09  0.0000E+00  0.0000E+00
       2      113       36      112        0        0                         0.9314E+12  0.1050E+08  0.1659E+09  0.1178E+08  0.4386E+09  0.1261E+09  0.0000E+00  0.0000E+00
       5      114       49      113        0        0                         0.9629E+12  0.2770E+08  0.2357E+09  0.2110E+08  0.4592E+09  0.1263E+09  0.0000E+00  0.0000E+00
       2      115       27       27        0        0                         0.1422E+12  0.1121E+09  0.1092E+09  0.1044E+08  0.9591E+08  0.1123E+08  0.0000E+00  0.0000E+00
       5      116      110      115        0        0                         0.5824E+12  0.2284E+09  0.4785E+09  0.5020E+08  0.3778E+09  0.5267E+08  0.0000E+00  0.0000E+00
       2      117       52      116        0        0                         0.5765E+12  0.5718E+07  0.2015E+09  0.1454E+08  0.3723E+09  0.8220E+08  0.0000E+00  0.0000E+00
       5      118       56      117        0        0                         0.5793E+12  0.6092E+07  0.2034E+09  0.1482E+08  0.3741E+09  0.8221E+08  0.0000E+00  0.0000E+00
       2      119       29       29        0        0                         0.6208E+11  0.1165E+08  0.1231E+08  0.2332E+07  0.2982E+08  0.6696E+07  0.0000E+00  0.0000E+00
       5      120       62      119        0        0                         0.1890E+12  0.6770E+08  0.1387E+09  0.2137E+08  0.1053E+09  0.8866E+07  0.0000E+00  0.0000E+00
       2      121       30       30        0        0                         0.4969E+11  0.2571E+07  0.5722E+07  0.1876E+07  0.1484E+08  0.4991E+07  0.0000E+00  0.0000E+00
       5      122       38      121        0        0                         0.5293E+11  0.6763E+07  0.9993E+07  0.3448E+07  0.1645E+08  0.5086E+07  0.0000E+00  0.0000E+00
       2      123       31       31        0        0                         0.2518E+11  0.1734E+08  0.3808E+08  0.6758E+07  0.1074E+08  0.4563E+07  0.0000E+00  0.0000E+00
       5      124       18      123        0        0                         0.2562E+11  0.1739E+08  0.3818E+08  0.6795E+07  0.1085E+08  0.4572E+07  0.0000E+00  0.0000E+00
       2      125       32       32        0        0                         0.2341E+11  0.4850E+07  0.3193E+07  0.1034E+07  0.1133E+08  0.9222E+06  0.0000E+00  0.0000E+00
       5      126      122      125        0        0                         0.7634E+11  0.1161E+08  0.1319E+08  0.4482E+07  0.2778E+08  0.6008E+07  0.0000E+00  0.0000E+00
       2      127       38      126        0        0                         0.7603E+11  0.4444E+07  0.8708E+07  0.2176E+07  0.2740E+08  0.7930E+07  0.0000E+00  0.0000E+00
       5      128       37      127        0        0                         0.1222E+12  0.2008E+08  0.2918E+08  0.1288E+08  0.4490E+08  0.9313E+07  0.0000E+00  0.0000E+00
       2      129       33       33        0        0                         0.1339E+12  0.1553E+08  0.7710E+08  0.7198E+07  0.1158E+09  0.1231E+08  0.0000E+00  0.0000E+00
       5      130       53      129        0        0                         0.2217E+12  0.6616E+08  0.1953E+09  0.2328E+08  0.1710E+09  0.1309E+08  0.0000E+00  0.0000E+00
       2      131       34       34        0        0                         0.8161E+11  0.3486E+08  0.7813E+08  0.8205E+07  0.4996E+08  0.3586E+07  0.0000E+00  0.0000E+00
       5      132      130      131        0        0                         0.3033E+12  0.1010E+09  0.2734E+09  0.3148E+08  0.2210E+09  0.1668E+08  0.0000E+00  0.0000E+00
       2      133       53      132        0        0                         0.2990E+12  0.2370E+07  0.1131E+09  0.9013E+07  0.2154E+09  0.3491E+08  0.0000E+00  0.0000E+00
       5      134       61      133        0        0                         0.4384E+12  0.4717E+08  0.2351E+09  0.2656E+08  0.2873E+09  0.3600E+08  0.0000E+00  0.0000E+00
       2      135       35       35        0        0                         0.6412E+11  0.2764E+08  0.6063E+08  0.6416E+07  0.3696E+08  0.9063E+07  0.0000E+00  0.0000E+00
       5      136      120      135        0        0                         0.2531E+12  0.9534E+08  0.1993E+09  0.2779E+08  0.1423E+09  0.1793E+08  0.0000E+00  0.0000E+00
       2      137       62      136        0        0                         0.2450E+12  0.2782E+07  0.6206E+08  0.5433E+07  0.1352E+09  0.3596E+08  0.0000E+00  0.0000E+00
       5      138       65      137        0        0                         0.2500E+12  0.4581E+07  0.7431E+08  0.7061E+07  0.1378E+09  0.3599E+08  0.0000E+00  0.0000E+00
       2      139       41       41        0        0                         0.1119E+11  0.4590E+07  0.5139E+07  0.1383E+07  0.3905E+07  0.2105E+07  0.0000E+00  0.0000E+00
       5      140      128      139        0        0                         0.1333E+12  0.2467E+08  0.3432E+08  0.1426E+08  0.4881E+08  0.1142E+08  0.0000E+00  0.0000E+00
       2      141       37      140        0        0                         0.1319E+12  0.3159E+07  0.1490E+08  0.3851E+07  0.4748E+08  0.2039E+08  0.0000E+00  0.0000E+00
       5      142      124      141        0        0                         0.1575E+12  0.2055E+08  0.5308E+08  0.1065E+08  0.5833E+08  0.2496E+08  0.0000E+00  0.0000E+00
       2      143       18      142        0        0                         0.1574E+12  0.8624E+07  0.3908E+08  0.6460E+07  0.5809E+08  0.2854E+08  0.0000E+00  0.0000E+00
       5      144      102      143        0        0                         0.2120E+12  0.2039E+08  0.4942E+08  0.1107E+08  0.8617E+08  0.3144E+08  0.0000E+00  0.0000E+00
       2      145       20      144        0        0                         0.2112E+12  0.5692E+07  0.2992E+08  0.5092E+07  0.8491E+08  0.3640E+08  0.0000E+00  0.0000E+00
       5      146       94      145        0        0                         0.2719E+12  0.3933E+08  0.4084E+08  0.9735E+07  0.1054E+09  0.3828E+08  0.0000E+00  0.0000E+00
       2      147       19      146        0        0                         0.2687E+12  0.4501E+07  0.1871E+08  0.3014E+07  0.1031E+09  0.4353E+08  0.0000E+00  0.0000E+00
       5      148       80      147        0        0                         0.5123E+12  0.7612E+08  0.9799E+08  0.1409E+08  0.1779E+09  0.5241E+08  0.0000E+00  0.0000E+00
       2      149       12      148        0        0                         0.5112E+12  0.2707E+08  0.5945E+08  0.6202E+07  0.1759E+09  0.5877E+08  0.0000E+00  0.0000E+00
       5      150       82      149        0        0                         0.5970E+12  0.6909E+08  0.1029E+09  0.1237E+08  0.2089E+09  0.6415E+08  0.0000E+00  0.0000E+00
       2      151        6      150        0        0                         0.5969E+12  0.6877E+08  0.7457E+08  0.7155E+07  0.2076E+09  0.6860E+08  0.0000E+00  0.0000E+00
       5      152       84      151        0        0                         0.6784E+12  0.1381E+09  0.1076E+09  0.1130E+08  0.2635E+09  0.7565E+08  0.0000E+00  0.0000E+00
       2      153       11      152        0        0                         0.6780E+12  0.1152E+09  0.7767E+08  0.6557E+07  0.2623E+09  0.7970E+08  0.0000E+00  0.0000E+00
       5      154       92      153        0        0                         0.1032E+13  0.1680E+09  0.7852E+08  0.1039E+08  0.3588E+09  0.8430E+08  0.0000E+00  0.0000E+00
       2      155       40      154        0        0                         0.1005E+13  0.1011E+08  0.2352E+08  0.1967E+07  0.3447E+09  0.8983E+08  0.0000E+00  0.0000E+00
       5      156       39      155        0        0                         0.1044E+13  0.3379E+08  0.1516E+09  0.1897E+08  0.3606E+09  0.9005E+08  0.0000E+00  0.0000E+00
       2      157       43       43        0        0                         0.6991E+11  0.6555E+08  0.7229E+08  0.7459E+07  0.5159E+08  0.3207E+07  0.0000E+00  0.0000E+00
       5      158       50      157        0        0                         0.7246E+11  0.6672E+08  0.7638E+08  0.8006E+07  0.5456E+08  0.3229E+07  0.0000E+00  0.0000E+00
       2      159       45       45        0        0                         0.1605E+12  0.1920E+08  0.1018E+09  0.9159E+07  0.1183E+09  0.2186E+08  0.0000E+00  0.0000E+00
       5      160       57      159        0        0                         0.1801E+12  0.4378E+08  0.1501E+09  0.1564E+08  0.1386E+09  0.2203E+08  0.0000E+00  0.0000E+00
       2      161       46       46        0        0                         0.3727E+11  0.1398E+08  0.6277E+08  0.6538E+07  0.2122E+08  0.2143E+07  0.0000E+00  0.0000E+00
       5      162      156      161        0        0                         0.1081E+13  0.4778E+08  0.2143E+09  0.2551E+08  0.3818E+09  0.9219E+08  0.0000E+00  0.0000E+00
       2      163       39      162        0        0                         0.1075E+13  0.9657E+07  0.9855E+08  0.8244E+07  0.3781E+09  0.1059E+09  0.0000E+00  0.0000E+00
       5      164      114      163        0        0                         0.2038E+13  0.3735E+08  0.3343E+09  0.2934E+08  0.8373E+09  0.2322E+09  0.0000E+00  0.0000E+00
       2      165       49      164        0        0                         0.2032E+13  0.1485E+08  0.1755E+09  0.1125E+08  0.8332E+09  0.2476E+09  0.0000E+00  0.0000E+00
       5      166       48      165        0        0                         0.2098E+13  0.6024E+08  0.3263E+09  0.3141E+08  0.8753E+09  0.2479E+09  0.0000E+00  0.0000E+00
       2      167       51       51        0        0                         0.1044E+12  0.3350E+08  0.7838E+08  0.7661E+07  0.9759E+08  0.7805E+07  0.0000E+00  0.0000E+00
       5      168      118      167        0        0                         0.6837E+12  0.3959E+08  0.2817E+09  0.2248E+08  0.4716E+09  0.9002E+08  0.0000E+00  0.0000E+00
       2      169       56      168        0        0                         0.6835E+12  0.3942E+08  0.2164E+09  0.1475E+08  0.4702E+09  0.9653E+08  0.0000E+00  0.0000E+00
       5      170       64      169        0        0                         0.7307E+12  0.5354E+08  0.2555E+09  0.2025E+08  0.4951E+09  0.9680E+08  0.0000E+00  0.0000E+00
       2      171       54       54        0        0                         0.1165E+12  0.1998E+08  0.1110E+09  0.9820E+07  0.8074E+08  0.1870E+08  0.0000E+00  0.0000E+00
       5      172       47      171        0        0                         0.1391E+12  0.3739E+08  0.1630E+09  0.1678E+08  0.1070E+09  0.1891E+08  0.0000E+00  0.0000E+00
       2      173       55       55        0        0                         0.4871E+11  0.1045E+08  0.4849E+08  0.4897E+07  0.1942E+08  0.3934E+07  0.0000E+00  0.0000E+00
       5      174      134      173        0        0                         0.4872E+12  0.5762E+08  0.2836E+09  0.3146E+08  0.3067E+09  0.3993E+08  0.0000E+00  0.0000E+00
       2      175       61      174        0        0                         0.4803E+12  0.3043E+07  0.9912E+08  0.7206E+07  0.2993E+09  0.6008E+08  0.0000E+00  0.0000E+00
       2      177       59       59        0        0                         0.3186E+11  0.1363E+08  0.4409E+08  0.4965E+07  0.1834E+08  0.8056E+06  0.0000E+00  0.0000E+00
       5      178      138      177        0        0                         0.2819E+12  0.1821E+08  0.1184E+09  0.1203E+08  0.1561E+09  0.3679E+08  0.0000E+00  0.0000E+00
       2      179       65      178        0        0                         0.2809E+12  0.3321E+07  0.6834E+08  0.5229E+07  0.1545E+09  0.4233E+08  0.0000E+00  0.0000E+00
       5      180       66      179        0        0                         0.4922E+12  0.3072E+08  0.2830E+09  0.3374E+08  0.3025E+09  0.4384E+08  0.0000E+00  0.0000E+00
       2      181       60       60        0        0                         0.8070E+11  0.6245E+07  0.2833E+08  0.2699E+07  0.4632E+08  0.6866E+07  0.0000E+00  0.0000E+00
       2      183       63       63        0        0                         0.4223E+11  0.3143E+08  0.1191E+09  0.1194E+08  0.3399E+08  0.4771E+07  0.0000E+00  0.0000E+00
       5      184       58      183        0        0                         0.1281E+12  0.1062E+09  0.3301E+09  0.4017E+08  0.1139E+09  0.5458E+07  0.0000E+00  0.0000E+00
       2      185       67       67        0        0                         0.1142E+12  0.8620E+07  0.6133E+08  0.6037E+07  0.7680E+08  0.7135E+07  0.0000E+00  0.0000E+00
       2      187       68       68        0        0                         0.1200E+12  0.2974E+07  0.2706E+08  0.2363E+07  0.1101E+09  0.1242E+08  0.0000E+00  0.0000E+00
       5      188      180      187        0        0                         0.6123E+12  0.3369E+08  0.3100E+09  0.3611E+08  0.4126E+09  0.5625E+08  0.0000E+00  0.0000E+00
       2      189       66      188        0        0                         0.5831E+12  0.2228E+07  0.5611E+08  0.3939E+07  0.3867E+09  0.7987E+08  0.0000E+00  0.0000E+00
       5      190      166      189        0        0                         0.2681E+13  0.6247E+08  0.3824E+09  0.3535E+08  0.1262E+10  0.3278E+09  0.0000E+00  0.0000E+00
       2      191       48      190        0        0                         0.2665E+13  0.1266E+08  0.1322E+09  0.8103E+07  0.1252E+10  0.3496E+09  0.0000E+00  0.0000E+00
       5      192      158      191        0        0                         0.2737E+13  0.7939E+08  0.2086E+09  0.1611E+08  0.1306E+10  0.3529E+09  0.0000E+00  0.0000E+00
       2      193       50      192        0        0                         0.2737E+13  0.7613E+08  0.1533E+09  0.9784E+07  0.1305E+10  0.3582E+09  0.0000E+00  0.0000E+00
       5      194      172      193        0        0                         0.2876E+13  0.1135E+09  0.3163E+09  0.2656E+08  0.1412E+10  0.3772E+09  0.0000E+00  0.0000E+00
       2      195       47      194        0        0                         0.2874E+13  0.8995E+08  0.2103E+09  0.1388E+08  0.1410E+10  0.3879E+09  0.0000E+00  0.0000E+00
       5      196      100      195        0        0                         0.3193E+13  0.9406E+08  0.4025E+09  0.2864E+08  0.1577E+10  0.4409E+09  0.0000E+00  0.0000E+00
       2      197       44      196        0        0                         0.3193E+13  0.9244E+08  0.2952E+09  0.1733E+08  0.1576E+10  0.4507E+09  0.0000E+00  0.0000E+00
       5      198      160      197        0        0                         0.3373E+13  0.1362E+09  0.4452E+09  0.3297E+08  0.1715E+10  0.4727E+09  0.0000E+00  0.0000E+00
       2      199       57      198        0        0                         0.3366E+13  0.4387E+08  0.2407E+09  0.1322E+08  0.1710E+10  0.4893E+09  0.0000E+00  0.0000E+00
       5      200      184      199        0        0                         0.3494E+13  0.1501E+09  0.5707E+09  0.5339E+08  0.1824E+10  0.4948E+09  0.0000E+00  0.0000E+00
       2      201       58      200        0        0                         0.3474E+13  0.3729E+08  0.2451E+09  0.1554E+08  0.1812E+10  0.5250E+09  0.0000E+00  0.0000E+00
       5      202      170      201        0        0                         0.4205E+13  0.9083E+08  0.5006E+09  0.3579E+08  0.2308E+10  0.6218E+09  0.0000E+00  0.0000E+00
       2      203       64      202        0        0                         0.4193E+13  0.3149E+08  0.2597E+09  0.1390E+08  0.2298E+10  0.6402E+09  0.0000E+00  0.0000E+00
      14      203        1        0        0        0                         0.4193E+13  0.3149E+08  0.2597E+09  0.1390E+08  0.2298E+10  0.6402E+09  0.0000E+00  0.0000E+00
