  icode   ic inum1 inum2 inum3   subed  recmonps reccnstps  flow(m^3)   sed(t)      orgn(kg)    orgp(kg)    nitrate(kg) sol.p(kg)   sol.pst(mg) sor.pst(mg)
       1        1        1        0        0        0                         0.5712E+11  0.1769E+08  0.9769E+08  0.1848E+08  0.5650E+08  0.3786E+06  0.0000E+00  0.0000E+00
       1        2        2        0        0        0                         0.1967E+11  0.5203E+06  0.1234E+08  0.2371E+07  0.1398E+08  0.1747E+06  0.0000E+00  0.0000E+00
       1        3        3        0        0        0                         0.2349E+11  0.6320E+06  0.3501E+05  0.5408E+06  0.1259E+08  0.2066E+06  0.0000E+00  0.0000E+00
       1        4        4        0        0        0                         0.7575E+10  0.1057E+08  0.4910E+08  0.9370E+07  0.1790E+08  0.1507E+05  0.0000E+00  0.0000E+00
       1        5        5        0        0        0                         0.1465E+11  0.4190E+08  0.4877E+08  0.1322E+08  0.3455E+08  0.1172E+06  0.0000E+00  0.0000E+00
       1        6        6        0        0        0                         0.3773E+08  0.2572E+00  0.7675E+03  0.1221E+05  0.3380E+05  0.2661E+03  0.0000E+00  0.0000E+00
       1        7        7        0        0        0                         0.1293E+11  0.8118E+07  0.2554E+08  0.6816E+07  0.3299E+08  0.9492E+05  0.0000E+00  0.0000E+00
       1        8        8        0        0        0                         0.2093E+11  0.1030E+08  0.7795E+08  0.1357E+08  0.3509E+08  0.1268E+06  0.0000E+00  0.0000E+00
       1        9        9        0        0        0                         0.2065E+11  0.5855E+07  0.7774E+08  0.1347E+08  0.4035E+08  0.1314E+06  0.0000E+00  0.0000E+00
       1       10       10        0        0        0                         0.7909E+10  0.6953E+05  0.2747E+05  0.4078E+06  0.1395E+08  0.8063E+05  0.0000E+00  0.0000E+00
       1       11       11        0        0        0                         0.8133E+09  0.1015E+04  0.6256E+05  0.5759E+05  0.1266E+07  0.8056E+04  0.0000E+00  0.0000E+00
       1       12       12        0        0        0                         0.5365E+10  0.1051E+07  0.2308E+08  0.4589E+07  0.1200E+08  0.4144E+05  0.0000E+00  0.0000E+00
       1       13       13        0        0        0                         0.9295E+10  0.7436E+07  0.7921E+06  0.3609E+07  0.1794E+08  0.9006E+05  0.0000E+00  0.0000E+00
       1       14       14        0        0        0                         0.5165E+10  0.6214E+05  0.3983E+06  0.5037E+06  0.5099E+07  0.5816E+05  0.0000E+00  0.0000E+00
       1       15       15        0        0        0                         0.3121E+11  0.4937E+08  0.1167E+09  0.2045E+08  0.4294E+08  0.2346E+06  0.0000E+00  0.0000E+00
       1       16       16        0        0        0                         0.1593E+11  0.2791E+08  0.7279E+08  0.1262E+08  0.2053E+08  0.1031E+06  0.0000E+00  0.0000E+00
       1       17       17        0        0        0                         0.8118E+10  0.9005E+06  0.1411E+07  0.1653E+07  0.1652E+08  0.9583E+05  0.0000E+00  0.0000E+00
       1       18       18        0        0        0                         0.6116E+08  0.1316E+02  0.6855E+04  0.8322E+04  0.1940E+06  0.4645E+03  0.0000E+00  0.0000E+00
       1       19       19        0        0        0                         0.6604E+10  0.5271E+07  0.1721E+07  0.3207E+07  0.1331E+08  0.9523E+05  0.0000E+00  0.0000E+00
       1       20       20        0        0        0                         0.1576E+10  0.7731E+04  0.2645E+06  0.2718E+06  0.3109E+07  0.2031E+05  0.0000E+00  0.0000E+00
       1       21       21        0        0        0                         0.4012E+11  0.6817E+08  0.1717E+09  0.2975E+08  0.5612E+08  0.2581E+06  0.0000E+00  0.0000E+00
       1       22       22        0        0        0                         0.3909E+11  0.3819E+08  0.1228E+09  0.2148E+08  0.8263E+08  0.2627E+06  0.0000E+00  0.0000E+00
       1       23       23        0        0        0                         0.1048E+11  0.2871E+07  0.4144E+08  0.7473E+07  0.1795E+08  0.4579E+05  0.0000E+00  0.0000E+00
       1       24       24        0        0        0                         0.1303E+11  0.1147E+08  0.6544E+08  0.1141E+08  0.2479E+08  0.6119E+05  0.0000E+00  0.0000E+00
       1       25       25        0        0        0                         0.2819E+11  0.4900E+08  0.1331E+09  0.2305E+08  0.4219E+08  0.1999E+06  0.0000E+00  0.0000E+00
       1       26       26        0        0        0                         0.5847E+10  0.9648E+07  0.6590E+08  0.1153E+08  0.1217E+08  0.4987E+05  0.0000E+00  0.0000E+00
       1       27       27        0        0        0                         0.2910E+11  0.3071E+08  0.9778E+08  0.1822E+08  0.5181E+08  0.9191E+05  0.0000E+00  0.0000E+00
       1       28       28        0        0        0                         0.1525E+10  0.3620E+06  0.8553E+07  0.1485E+07  0.2243E+07  0.7520E+04  0.0000E+00  0.0000E+00
       1       29       29        0        0        0                         0.1316E+11  0.2461E+07  0.2749E+07  0.3184E+07  0.2485E+08  0.1358E+06  0.0000E+00  0.0000E+00
       1       30       30        0        0        0                         0.8228E+10  0.7551E+06  0.1477E+07  0.1369E+07  0.2123E+08  0.1058E+06  0.0000E+00  0.0000E+00
       1       31       31        0        0        0                         0.4393E+10  0.1360E+07  0.2399E+08  0.5274E+07  0.1119E+08  0.6751E+05  0.0000E+00  0.0000E+00
       1       32       32        0        0        0                         0.4271E+10  0.4238E+06  0.2661E+06  0.8664E+06  0.1107E+08  0.3518E+05  0.0000E+00  0.0000E+00
       1       33       33        0        0        0                         0.2758E+11  0.1867E+08  0.1333E+09  0.2310E+08  0.6239E+08  0.1680E+06  0.0000E+00  0.0000E+00
       1       34       34        0        0        0                         0.1674E+11  0.8310E+07  0.9551E+08  0.1657E+08  0.2663E+08  0.7861E+05  0.0000E+00  0.0000E+00
       1       35       35        0        0        0                         0.1416E+11  0.1936E+08  0.8218E+08  0.1462E+08  0.2824E+08  0.1002E+06  0.0000E+00  0.0000E+00
       1       36       36        0        0        0                         0.9638E+10  0.2886E+08  0.1019E+09  0.1767E+08  0.1671E+08  0.5849E+05  0.0000E+00  0.0000E+00
       1       37       37        0        0        0                         0.7663E+10  0.1813E+07  0.2656E+07  0.2429E+07  0.2507E+08  0.1098E+06  0.0000E+00  0.0000E+00
       1       38       38        0        0        0                         0.4391E+09  0.3221E+06  0.6101E+06  0.8506E+06  0.1693E+07  0.8931E+04  0.0000E+00  0.0000E+00
       1       39       39        0        0        0                         0.1066E+11  0.1945E+08  0.1310E+09  0.2262E+08  0.2382E+08  0.9193E+05  0.0000E+00  0.0000E+00
       1       40       40        0        0        0                         0.5650E+11  0.1246E+08  0.3932E+06  0.6401E+07  0.1063E+09  0.6200E+06  0.0000E+00  0.0000E+00
       1       41       41        0        0        0                         0.1593E+10  0.1646E+07  0.1531E+07  0.2355E+07  0.4591E+07  0.2871E+05  0.0000E+00  0.0000E+00
       1       42       42        0        0        0                         0.2594E+11  0.4250E+08  0.1301E+09  0.2258E+08  0.4885E+08  0.1192E+06  0.0000E+00  0.0000E+00
       1       43       43        0        0        0                         0.1590E+11  0.2084E+08  0.7956E+08  0.1415E+08  0.3183E+08  0.5923E+05  0.0000E+00  0.0000E+00
       1       44       44        0        0        0                         0.4234E+09  0.1828E+05  0.2055E+07  0.3564E+06  0.1198E+07  0.2188E+04  0.0000E+00  0.0000E+00
       1       45       45        0        0        0                         0.4469E+11  0.5357E+08  0.2055E+09  0.3571E+08  0.8229E+08  0.2547E+06  0.0000E+00  0.0000E+00
       1       46       46        0        0        0                         0.9940E+10  0.1239E+08  0.9103E+08  0.1576E+08  0.2341E+08  0.8384E+05  0.0000E+00  0.0000E+00
       1       47       47        0        0        0                         0.4863E+10  0.3736E+07  0.4206E+08  0.7288E+07  0.1417E+08  0.2911E+05  0.0000E+00  0.0000E+00
       1       48       48        0        0        0                         0.1577E+11  0.1758E+08  0.1176E+09  0.2035E+08  0.3589E+08  0.9993E+05  0.0000E+00  0.0000E+00
       1       49       49        0        0        0                         0.7655E+10  0.1083E+08  0.5535E+08  0.9566E+07  0.1528E+08  0.5245E+05  0.0000E+00  0.0000E+00
       1       50       50        0        0        0                         0.5457E+09  0.1149E+06  0.3511E+07  0.6082E+06  0.1514E+07  0.3130E+04  0.0000E+00  0.0000E+00
       1       51       51        0        0        0                         0.2383E+11  0.1158E+08  0.1028E+09  0.1843E+08  0.5211E+08  0.1072E+06  0.0000E+00  0.0000E+00
       1       52       52        0        0        0                         0.2397E+11  0.2435E+08  0.1446E+09  0.2534E+08  0.4641E+08  0.1330E+06  0.0000E+00  0.0000E+00
       1       53       53        0        0        0                         0.1587E+11  0.1368E+08  0.9841E+08  0.1730E+08  0.3288E+08  0.1042E+06  0.0000E+00  0.0000E+00
       1       54       54        0        0        0                         0.2809E+11  0.1005E+09  0.2244E+09  0.3892E+08  0.5524E+08  0.1306E+06  0.0000E+00  0.0000E+00
       1       55       55        0        0        0                         0.1154E+11  0.8792E+07  0.6304E+08  0.1117E+08  0.1681E+08  0.1097E+06  0.0000E+00  0.0000E+00
       1       56       56        0        0        0                         0.7634E+09  0.1347E+06  0.2276E+07  0.4557E+06  0.1140E+07  0.6356E+04  0.0000E+00  0.0000E+00
       1       57       57        0        0        0                         0.4202E+10  0.4064E+07  0.3794E+08  0.6585E+07  0.1078E+08  0.2138E+05  0.0000E+00  0.0000E+00
       1       58       58        0        0        0                         0.1847E+11  0.3761E+08  0.1776E+09  0.3081E+08  0.4389E+08  0.8825E+05  0.0000E+00  0.0000E+00
       1       59       59        0        0        0                         0.9557E+10  0.5482E+07  0.5844E+08  0.1051E+08  0.2101E+08  0.9031E+05  0.0000E+00  0.0000E+00
       1       60       60        0        0        0                         0.2157E+11  0.1083E+08  0.7701E+08  0.1458E+08  0.3196E+08  0.1656E+06  0.0000E+00  0.0000E+00
       1       61       61        0        0        0                         0.3093E+11  0.2316E+08  0.1193E+09  0.2254E+08  0.4170E+08  0.2013E+06  0.0000E+00  0.0000E+00
       1       62       62        0        0        0                         0.2725E+11  0.4671E+08  0.1173E+09  0.2505E+08  0.5446E+08  0.3210E+06  0.0000E+00  0.0000E+00
       1       63       63        0        0        0                         0.1153E+11  0.3326E+08  0.1448E+09  0.2515E+08  0.2503E+08  0.5484E+05  0.0000E+00  0.0000E+00
       1       64       64        0        0        0                         0.1254E+11  0.2259E+07  0.4083E+08  0.7682E+07  0.1580E+08  0.8328E+05  0.0000E+00  0.0000E+00
       1       65       65        0        0        0                         0.1496E+10  0.8284E+06  0.1463E+08  0.2520E+07  0.3637E+07  0.1465E+05  0.0000E+00  0.0000E+00
       1       66       66        0        0        0                         0.7626E+11  0.6236E+08  0.3643E+09  0.6265E+08  0.1584E+09  0.7209E+06  0.0000E+00  0.0000E+00
       1       67       67        0        0        0                         0.2769E+11  0.9233E+07  0.1134E+09  0.1993E+08  0.4543E+08  0.2458E+06  0.0000E+00  0.0000E+00
       1       68       68        0        0        0                         0.3405E+11  0.1883E+08  0.1320E+09  0.2480E+08  0.8346E+08  0.3407E+06  0.0000E+00  0.0000E+00
       2       69        1        1        1        0                         0.5647E+11  0.5004E+07  0.4181E+08  0.5406E+07  0.6481E+08  0.8095E+07  0.0000E+00  0.0000E+00
       5       70       21       69        0        0                         0.9659E+11  0.7318E+08  0.2135E+09  0.3516E+08  0.1209E+09  0.8353E+07  0.0000E+00  0.0000E+00
       2       71        2        2        2        0                         0.1959E+11  0.2375E+06  0.7296E+07  0.1044E+07  0.1400E+08  0.9074E+06  0.0000E+00  0.0000E+00
       5       72       70       71        0        0                         0.1162E+12  0.7342E+08  0.2208E+09  0.3621E+08  0.1349E+09  0.9260E+07  0.0000E+00  0.0000E+00
       2       73       21       72       21        0                         0.1149E+12  0.1276E+07  0.8648E+08  0.9553E+07  0.1779E+09  0.2895E+08  0.0000E+00  0.0000E+00
       5       74       26       73        0        0                         0.1208E+12  0.1092E+08  0.1524E+09  0.2109E+08  0.1901E+09  0.2900E+08  0.0000E+00  0.0000E+00
       2       75        3        3        3        0                         0.2311E+11  0.1832E+06  0.1438E+05  0.1623E+06  0.1236E+08  0.4410E+06  0.0000E+00  0.0000E+00
       5       76       13       75        0        0                         0.3241E+11  0.7619E+07  0.8064E+06  0.3771E+07  0.3030E+08  0.5311E+06  0.0000E+00  0.0000E+00
       2       77        4        4        4        0                         0.7572E+10  0.1057E+08  0.4755E+08  0.8916E+07  0.1789E+08  0.4483E+05  0.0000E+00  0.0000E+00
       5       78       76       77        0        0                         0.3998E+11  0.1819E+08  0.4836E+08  0.1269E+08  0.4819E+08  0.5759E+06  0.0000E+00  0.0000E+00
       2       79       13       78       13        0                         0.3975E+11  0.8292E+06  0.2331E+08  0.4053E+07  0.4976E+08  0.4798E+07  0.0000E+00  0.0000E+00
       5       80       12       79        0        0                         0.4511E+11  0.1881E+07  0.4638E+08  0.8642E+07  0.6176E+08  0.4839E+07  0.0000E+00  0.0000E+00
       2       81        5        5        5        0                         0.1458E+11  0.2299E+08  0.2657E+08  0.4981E+07  0.3452E+08  0.2687E+07  0.0000E+00  0.0000E+00
       5       82        6       81        0        0                         0.1462E+11  0.2299E+08  0.2657E+08  0.4994E+07  0.3455E+08  0.2687E+07  0.0000E+00  0.0000E+00
       2       83        7        7        7        0                         0.1278E+11  0.2549E+07  0.9625E+07  0.1657E+07  0.3378E+08  0.2554E+07  0.0000E+00  0.0000E+00
       5       84       11       83        0        0                         0.1360E+11  0.2550E+07  0.9687E+07  0.1714E+07  0.3505E+08  0.2562E+07  0.0000E+00  0.0000E+00
       2       85        8        8        8        0                         0.2069E+11  0.3472E+07  0.4016E+08  0.5092E+07  0.3653E+08  0.3380E+07  0.0000E+00  0.0000E+00
       5       86       23       85        0        0                         0.3117E+11  0.6343E+07  0.8160E+08  0.1256E+08  0.5448E+08  0.3426E+07  0.0000E+00  0.0000E+00
       2       87        9        9        9        0                         0.2046E+11  0.2208E+07  0.4187E+08  0.5327E+07  0.4127E+08  0.2994E+07  0.0000E+00  0.0000E+00
       5       88       86       87        0        0                         0.5162E+11  0.8551E+07  0.1235E+09  0.1789E+08  0.9576E+08  0.6420E+07  0.0000E+00  0.0000E+00
       2       89       23       88       23        0                         0.5101E+11  0.5699E+06  0.6061E+08  0.6340E+07  0.1072E+09  0.1351E+08  0.0000E+00  0.0000E+00
       5       90       28       89        0        0                         0.5254E+11  0.9319E+06  0.6916E+08  0.7825E+07  0.1095E+09  0.1352E+08  0.0000E+00  0.0000E+00
       2       91       10       10       10        0                         0.7906E+10  0.6953E+05  0.2717E+05  0.4009E+06  0.1394E+08  0.8634E+05  0.0000E+00  0.0000E+00
       5       92       40       91        0        0                         0.6441E+11  0.1253E+08  0.4204E+06  0.6802E+07  0.1203E+09  0.7064E+06  0.0000E+00  0.0000E+00
       2       93       14       14       14        0                         0.5135E+10  0.4610E+05  0.2579E+06  0.2637E+06  0.5077E+07  0.1920E+06  0.0000E+00  0.0000E+00
       5       94       19       93        0        0                         0.1174E+11  0.5317E+07  0.1979E+07  0.3471E+07  0.1839E+08  0.2872E+06  0.0000E+00  0.0000E+00
       2       95       15       15       15        0                         0.3088E+11  0.1937E+08  0.5677E+08  0.6936E+07  0.5098E+08  0.8723E+07  0.0000E+00  0.0000E+00
       5       96       42       95        0        0                         0.5683E+11  0.6187E+08  0.1869E+09  0.2951E+08  0.9983E+08  0.8842E+07  0.0000E+00  0.0000E+00
       2       97       16       16       16        0                         0.1590E+11  0.2411E+08  0.5502E+08  0.8079E+07  0.2048E+08  0.6251E+06  0.0000E+00  0.0000E+00
       5       98       96       97        0        0                         0.7273E+11  0.8598E+08  0.2419E+09  0.3759E+08  0.1203E+09  0.9467E+07  0.0000E+00  0.0000E+00
       2       99       42       98       42        0                         0.7142E+11  0.7183E+06  0.7800E+08  0.7596E+07  0.1883E+09  0.3254E+08  0.0000E+00  0.0000E+00
       5      100       44       99        0        0                         0.7184E+11  0.7366E+06  0.8005E+08  0.7953E+07  0.1895E+09  0.3254E+08  0.0000E+00  0.0000E+00
       2      101       17       17       17        0                         0.8072E+10  0.7884E+06  0.1106E+07  0.1176E+07  0.1643E+08  0.3642E+06  0.0000E+00  0.0000E+00
       5      102       20      101        0        0                         0.9648E+10  0.7961E+06  0.1370E+07  0.1448E+07  0.1954E+08  0.3845E+06  0.0000E+00  0.0000E+00
       2      103       22       22       22        0                         0.3824E+11  0.9065E+07  0.4995E+08  0.5892E+07  0.1008E+09  0.1203E+08  0.0000E+00  0.0000E+00
       5      104       74      103        0        0                         0.1590E+12  0.1999E+08  0.2023E+09  0.2698E+08  0.2910E+09  0.4103E+08  0.0000E+00  0.0000E+00
       2      105       26      104       26        0                         0.1571E+12  0.5534E+06  0.5338E+08  0.4177E+07  0.4165E+09  0.6043E+08  0.0000E+00  0.0000E+00
       5      106       36      105        0        0                         0.1667E+12  0.2941E+08  0.1553E+09  0.2185E+08  0.4333E+09  0.6049E+08  0.0000E+00  0.0000E+00
       2      107       24       24       24        0                         0.1300E+11  0.9476E+07  0.5136E+08  0.7767E+07  0.2472E+08  0.3448E+06  0.0000E+00  0.0000E+00
       5      108       90      107        0        0                         0.6554E+11  0.1041E+08  0.1205E+09  0.1559E+08  0.1342E+09  0.1387E+08  0.0000E+00  0.0000E+00
       2      109       28      108       28        0                         0.6543E+11  0.1605E+07  0.8151E+08  0.8366E+07  0.1426E+09  0.1882E+08  0.0000E+00  0.0000E+00
       5      110       52      109        0        0                         0.8940E+11  0.2595E+08  0.2261E+09  0.3370E+08  0.1890E+09  0.1896E+08  0.0000E+00  0.0000E+00
       2      111       25       25       25        0                         0.2800E+11  0.2205E+08  0.6673E+08  0.7984E+07  0.4915E+08  0.9160E+07  0.0000E+00  0.0000E+00
       5      112      106      111        0        0                         0.1947E+12  0.5146E+08  0.2220E+09  0.2983E+08  0.4824E+09  0.6965E+08  0.0000E+00  0.0000E+00
       2      113       36      112       36        0                         0.1936E+12  0.1928E+07  0.9381E+08  0.8215E+07  0.5676E+09  0.8797E+08  0.0000E+00  0.0000E+00
       5      114       49      113        0        0                         0.2013E+12  0.1276E+08  0.1492E+09  0.1778E+08  0.5829E+09  0.8802E+08  0.0000E+00  0.0000E+00
       2      115       27       27       27        0                         0.2864E+11  0.8945E+07  0.4286E+08  0.5389E+07  0.5437E+08  0.4118E+07  0.0000E+00  0.0000E+00
       5      116      110      115        0        0                         0.1180E+12  0.3490E+08  0.2690E+09  0.3909E+08  0.2434E+09  0.2308E+08  0.0000E+00  0.0000E+00
       2      117       52      116       52        0                         0.1166E+12  0.9695E+06  0.1032E+09  0.9931E+07  0.3094E+09  0.4585E+08  0.0000E+00  0.0000E+00
       5      118       56      117        0        0                         0.1174E+12  0.1104E+07  0.1055E+09  0.1039E+08  0.3105E+09  0.4585E+08  0.0000E+00  0.0000E+00
       2      119       29       29       29        0                         0.1299E+11  0.6293E+06  0.9966E+06  0.6923E+06  0.2483E+08  0.2040E+07  0.0000E+00  0.0000E+00
       5      120       62      119        0        0                         0.4024E+11  0.4734E+08  0.1183E+09  0.2575E+08  0.7929E+08  0.2361E+07  0.0000E+00  0.0000E+00
       2      121       30       30       30        0                         0.8075E+10  0.2651E+06  0.6342E+06  0.3801E+06  0.2106E+08  0.8566E+06  0.0000E+00  0.0000E+00
       5      122       38      121        0        0                         0.8514E+10  0.5872E+06  0.1244E+07  0.1231E+07  0.2276E+08  0.8656E+06  0.0000E+00  0.0000E+00
       2      123       31       31       31        0                         0.4347E+10  0.8887E+06  0.1461E+08  0.2371E+07  0.1120E+08  0.8485E+06  0.0000E+00  0.0000E+00
       5      124       18      123        0        0                         0.4408E+10  0.8887E+06  0.1461E+08  0.2379E+07  0.1139E+08  0.8489E+06  0.0000E+00  0.0000E+00
       2      125       32       32       32        0                         0.4257E+10  0.4198E+06  0.2361E+06  0.7247E+06  0.1105E+08  0.9549E+05  0.0000E+00  0.0000E+00
       5      126      122      125        0        0                         0.1277E+11  0.1007E+07  0.1480E+07  0.1955E+07  0.3380E+08  0.9611E+06  0.0000E+00  0.0000E+00
       2      127       38      126       38        0                         0.1270E+11  0.4118E+06  0.9126E+06  0.9150E+06  0.3375E+08  0.1752E+07  0.0000E+00  0.0000E+00
       5      128       37      127        0        0                         0.2036E+11  0.2225E+07  0.3569E+07  0.3344E+07  0.5882E+08  0.1862E+07  0.0000E+00  0.0000E+00
       2      129       33       33       33        0                         0.2706E+11  0.4649E+07  0.5689E+08  0.6754E+07  0.7072E+08  0.8717E+07  0.0000E+00  0.0000E+00
       5      130       53      129        0        0                         0.4294E+11  0.1833E+08  0.1553E+09  0.2405E+08  0.1036E+09  0.8822E+07  0.0000E+00  0.0000E+00
       2      131       34       34       34        0                         0.1667E+11  0.5081E+07  0.6331E+08  0.8656E+07  0.2657E+08  0.1073E+07  0.0000E+00  0.0000E+00
       5      132      130      131        0        0                         0.5961E+11  0.2341E+08  0.2186E+09  0.3271E+08  0.1302E+09  0.9895E+07  0.0000E+00  0.0000E+00
       2      133       53      132       53        0                         0.5860E+11  0.4153E+06  0.8300E+08  0.8408E+07  0.1642E+09  0.2590E+08  0.0000E+00  0.0000E+00
       5      134       61      133        0        0                         0.8953E+11  0.2357E+08  0.2023E+09  0.3095E+08  0.2059E+09  0.2610E+08  0.0000E+00  0.0000E+00
       2      135       35       35       35        0                         0.1399E+11  0.6962E+07  0.3679E+08  0.4324E+07  0.3260E+08  0.5400E+07  0.0000E+00  0.0000E+00
       5      136      120      135        0        0                         0.5423E+11  0.5430E+08  0.1550E+09  0.3007E+08  0.1119E+09  0.7762E+07  0.0000E+00  0.0000E+00
       2      137       62      136       62        0                         0.5217E+11  0.5883E+06  0.4522E+08  0.5370E+07  0.1428E+09  0.2296E+08  0.0000E+00  0.0000E+00
       5      138       65      137        0        0                         0.5366E+11  0.1417E+07  0.5985E+08  0.7890E+07  0.1465E+09  0.2297E+08  0.0000E+00  0.0000E+00
       2      139       41       41       41        0                         0.1561E+10  0.6180E+06  0.6666E+06  0.6636E+06  0.4541E+07  0.9433E+06  0.0000E+00  0.0000E+00
       5      140      128      139        0        0                         0.2192E+11  0.2843E+07  0.4235E+07  0.4008E+07  0.6336E+08  0.2805E+07  0.0000E+00  0.0000E+00
       2      141       37      140       37        0                         0.2156E+11  0.4076E+06  0.1593E+07  0.9402E+06  0.6369E+08  0.5385E+07  0.0000E+00  0.0000E+00
       5      142      124      141        0        0                         0.2597E+11  0.1296E+07  0.1621E+08  0.3319E+07  0.7509E+08  0.6233E+07  0.0000E+00  0.0000E+00
       2      143       18      142       18        0                         0.2594E+11  0.7866E+06  0.1334E+08  0.2487E+07  0.7535E+08  0.6923E+07  0.0000E+00  0.0000E+00
       5      144      102      143        0        0                         0.3559E+11  0.1583E+07  0.1471E+08  0.3934E+07  0.9489E+08  0.7307E+07  0.0000E+00  0.0000E+00
       2      145       20      144       20        0                         0.3536E+11  0.5501E+06  0.8168E+07  0.1635E+07  0.9641E+08  0.9220E+07  0.0000E+00  0.0000E+00
       5      146       94      145        0        0                         0.4709E+11  0.5867E+07  0.1015E+08  0.5105E+07  0.1148E+09  0.9507E+07  0.0000E+00  0.0000E+00
       2      147       19      146       19        0                         0.4644E+11  0.5421E+06  0.4381E+07  0.1426E+07  0.1181E+09  0.1234E+08  0.0000E+00  0.0000E+00
       5      148       80      147        0        0                         0.9155E+11  0.2423E+07  0.5076E+08  0.1007E+08  0.1798E+09  0.1718E+08  0.0000E+00  0.0000E+00
       2      149       12      148       12        0                         0.9121E+11  0.1430E+07  0.2795E+08  0.3877E+07  0.1861E+09  0.2173E+08  0.0000E+00  0.0000E+00
       5      150       82      149        0        0                         0.1058E+12  0.2442E+08  0.5452E+08  0.8870E+07  0.2207E+09  0.2442E+08  0.0000E+00  0.0000E+00
       2      151        6      150        6        0                         0.1058E+12  0.2340E+08  0.5326E+08  0.8562E+07  0.2210E+09  0.2468E+08  0.0000E+00  0.0000E+00
       5      152       84      151        0        0                         0.1194E+12  0.2595E+08  0.6294E+08  0.1028E+08  0.2561E+09  0.2724E+08  0.0000E+00  0.0000E+00
       2      153       11      152       11        0                         0.1193E+12  0.1995E+08  0.5471E+08  0.8300E+07  0.2583E+09  0.2886E+08  0.0000E+00  0.0000E+00
       5      154       92      153        0        0                         0.1837E+12  0.3248E+08  0.5513E+08  0.1510E+08  0.3785E+09  0.2957E+08  0.0000E+00  0.0000E+00
       2      155       40      154       40        0                         0.1771E+12  0.1149E+07  0.1360E+08  0.2116E+07  0.4016E+09  0.3951E+08  0.0000E+00  0.0000E+00
       5      156       39      155        0        0                         0.1877E+12  0.2060E+08  0.1446E+09  0.2474E+08  0.4254E+09  0.3961E+08  0.0000E+00  0.0000E+00
       2      157       43       43       43        0                         0.1584E+11  0.1397E+08  0.5084E+08  0.6952E+07  0.3185E+08  0.1090E+07  0.0000E+00  0.0000E+00
       5      158       50      157        0        0                         0.1638E+11  0.1409E+08  0.5435E+08  0.7561E+07  0.3336E+08  0.1093E+07  0.0000E+00  0.0000E+00
       2      159       45       45       45        0                         0.4390E+11  0.1315E+08  0.7458E+08  0.8262E+07  0.1153E+09  0.1919E+08  0.0000E+00  0.0000E+00
       5      160       57      159        0        0                         0.4811E+11  0.1721E+08  0.1125E+09  0.1485E+08  0.1260E+09  0.1921E+08  0.0000E+00  0.0000E+00
       2      161       46       46       46        0                         0.9906E+10  0.8459E+07  0.5718E+08  0.7438E+07  0.2339E+08  0.1707E+07  0.0000E+00  0.0000E+00
       5      162      156      161        0        0                         0.1976E+12  0.2906E+08  0.2018E+09  0.3217E+08  0.4488E+09  0.4131E+08  0.0000E+00  0.0000E+00
       2      163       39      162       39        0                         0.1960E+12  0.1497E+07  0.8138E+08  0.8284E+07  0.4901E+09  0.6110E+08  0.0000E+00  0.0000E+00
       5      164      114      163        0        0                         0.3973E+12  0.1426E+08  0.2305E+09  0.2607E+08  0.1073E+10  0.1491E+09  0.0000E+00  0.0000E+00
       2      165       49      164       49        0                         0.3963E+12  0.6189E+07  0.1123E+09  0.8538E+07  0.1175E+10  0.1641E+09  0.0000E+00  0.0000E+00
       5      166       48      165        0        0                         0.4121E+12  0.2377E+08  0.2299E+09  0.2889E+08  0.1211E+10  0.1642E+09  0.0000E+00  0.0000E+00
       2      167       51       51       51        0                         0.2355E+11  0.3827E+07  0.4944E+08  0.6287E+07  0.5438E+08  0.4565E+07  0.0000E+00  0.0000E+00
       5      168      118      167        0        0                         0.1410E+12  0.4932E+07  0.1549E+09  0.1667E+08  0.3649E+09  0.5042E+08  0.0000E+00  0.0000E+00
       2      169       56      168       56        0                         0.1409E+12  0.4887E+07  0.1437E+09  0.1485E+08  0.3696E+09  0.5196E+08  0.0000E+00  0.0000E+00
       5      170       64      169        0        0                         0.1535E+12  0.7146E+07  0.1846E+09  0.2254E+08  0.3854E+09  0.5204E+08  0.0000E+00  0.0000E+00
       2      171       54       54       54        0                         0.2792E+11  0.3176E+08  0.1033E+09  0.1269E+08  0.6866E+08  0.1151E+08  0.0000E+00  0.0000E+00
       5      172       47      171        0        0                         0.3278E+11  0.3549E+08  0.1453E+09  0.1997E+08  0.8282E+08  0.1154E+08  0.0000E+00  0.0000E+00
       2      173       55       55       55        0                         0.1150E+11  0.4627E+07  0.3191E+08  0.3811E+07  0.1823E+08  0.3851E+07  0.0000E+00  0.0000E+00
       5      174      134      173        0        0                         0.1010E+12  0.2820E+08  0.2342E+09  0.3476E+08  0.2241E+09  0.2995E+08  0.0000E+00  0.0000E+00
       2      175       61      174       61        0                         0.9937E+11  0.5889E+06  0.7151E+08  0.6540E+07  0.2937E+09  0.5159E+08  0.0000E+00  0.0000E+00
       2      177       59       59       59        0                         0.9552E+10  0.5481E+07  0.5351E+08  0.9150E+07  0.2099E+08  0.2024E+06  0.0000E+00  0.0000E+00
       5      178      138      177        0        0                         0.6321E+11  0.6898E+07  0.1134E+09  0.1704E+08  0.1675E+09  0.2318E+08  0.0000E+00  0.0000E+00
       2      179       65      178       65        0                         0.6298E+11  0.6960E+06  0.6087E+08  0.6401E+07  0.1851E+09  0.3124E+08  0.0000E+00  0.0000E+00
       5      180       66      179        0        0                         0.1392E+12  0.6306E+08  0.4252E+09  0.6905E+08  0.3434E+09  0.3197E+08  0.0000E+00  0.0000E+00
       2      181       60       60       60        0                         0.2127E+11  0.2196E+07  0.2582E+08  0.3058E+07  0.4535E+08  0.8322E+07  0.0000E+00  0.0000E+00
       2      183       63       63       63        0                         0.1148E+11  0.1942E+08  0.8824E+08  0.1148E+08  0.2551E+08  0.2593E+07  0.0000E+00  0.0000E+00
       5      184       58      183        0        0                         0.2995E+11  0.5703E+08  0.2659E+09  0.4229E+08  0.6940E+08  0.2681E+07  0.0000E+00  0.0000E+00
       2      185       67       67       67        0                         0.2749E+11  0.3971E+07  0.6014E+08  0.7493E+07  0.4713E+08  0.5180E+07  0.0000E+00  0.0000E+00
       2      187       68       68       68        0                         0.3225E+11  0.2087E+07  0.2642E+08  0.2822E+07  0.1207E+09  0.1736E+08  0.0000E+00  0.0000E+00
       5      188      180      187        0        0                         0.1715E+12  0.6514E+08  0.4516E+09  0.7187E+08  0.4642E+09  0.4933E+08  0.0000E+00  0.0000E+00
       2      189       66      188       66        0                         0.1642E+12  0.6211E+06  0.7299E+08  0.6317E+07  0.7113E+09  0.1013E+09  0.0000E+00  0.0000E+00
       5      190      166      189        0        0                         0.5762E+12  0.2439E+08  0.3029E+09  0.3521E+08  0.1922E+10  0.2655E+09  0.0000E+00  0.0000E+00
       2      191       48      190       48        0                         0.5722E+12  0.2195E+07  0.9434E+08  0.6716E+07  0.2136E+10  0.2887E+09  0.0000E+00  0.0000E+00
       5      192      158      191        0        0                         0.5886E+12  0.1628E+08  0.1487E+09  0.1428E+08  0.2169E+10  0.2898E+09  0.0000E+00  0.0000E+00
       2      193       50      192       50        0                         0.5884E+12  0.1597E+08  0.1225E+09  0.1028E+08  0.2187E+10  0.2926E+09  0.0000E+00  0.0000E+00
       5      194      172      193        0        0                         0.6212E+12  0.5146E+08  0.2679E+09  0.3026E+08  0.2270E+10  0.3041E+09  0.0000E+00  0.0000E+00
       2      195       47      194       47        0                         0.6207E+12  0.2890E+08  0.1831E+09  0.1656E+08  0.2315E+10  0.3151E+09  0.0000E+00  0.0000E+00
       5      196      100      195        0        0                         0.6925E+12  0.2963E+08  0.2631E+09  0.2451E+08  0.2504E+10  0.3476E+09  0.0000E+00  0.0000E+00
       2      197       44      196       44        0                         0.6923E+12  0.2874E+08  0.2155E+09  0.1776E+08  0.2536E+10  0.3533E+09  0.0000E+00  0.0000E+00
       5      198      160      197        0        0                         0.7404E+12  0.4596E+08  0.3280E+09  0.3260E+08  0.2662E+10  0.3725E+09  0.0000E+00  0.0000E+00
       2      199       57      198       57        0                         0.7387E+12  0.8268E+07  0.1671E+09  0.1184E+08  0.2812E+10  0.3898E+09  0.0000E+00  0.0000E+00
       5      200      184      199        0        0                         0.7686E+12  0.6530E+08  0.4330E+09  0.5413E+08  0.2882E+10  0.3925E+09  0.0000E+00  0.0000E+00
       2      201       58      200       58        0                         0.7639E+12  0.7933E+07  0.1762E+09  0.1481E+08  0.3066E+10  0.4243E+09  0.0000E+00  0.0000E+00
       5      202      170      201        0        0                         0.9173E+12  0.1508E+08  0.3608E+09  0.3735E+08  0.3451E+10  0.4764E+09  0.0000E+00  0.0000E+00
       2      203       64      202       64        0                         0.9143E+12  0.5059E+07  0.1720E+09  0.1239E+08  0.3625E+10  0.4968E+09  0.0000E+00  0.0000E+00
      14      203        1        0        0        0                         0.9143E+12  0.5059E+07  0.1720E+09  0.1239E+08  0.3625E+10  0.4968E+09  0.0000E+00  0.0000E+00
